<?xml version="1.0" encoding="UTF-8"?>
<!-- Generated by org.testng.reporters.JUnitReportReporter -->
<testsuite hostname="ShubhamA" failures="0" tests="5" name="Day1_httpRequest.HTTPRequests" time="3.468" errors="0" timestamp="2025-04-04T00:07:46 IST" skipped="0">
  <testcase classname="Day1_httpRequest.HTTPRequests" name="createUser" time="1.821"/>
  <testcase classname="Day1_httpRequest.HTTPRequests" name="getUsers" time="0.476"/>
  <testcase classname="Day1_httpRequest.HTTPRequests" name="getUserId" time="0.414"/>
  <testcase classname="Day1_httpRequest.HTTPRequests" name="updateUser" time="0.386"/>
  <testcase classname="Day1_httpRequest.HTTPRequests" name="deleteUser" time="0.371"/>
</testsuite> <!-- Day1_httpRequest.HTTPRequests -->
